Arguments: 
  /usr/bin/node /usr/bin/yarn add v1.22.19

PATH: 
  /home/siddhu/.local/bin:/home/siddhu/.local/bin:/usr/local/sbin:/usr/local/bin:/usr/sbin:/usr/bin:/sbin:/bin:/usr/games:/usr/local/games:/snap/bin:/snap/bin

Yarn version: 
  1.22.19

Node version: 
  18.12.1

Platform: 
  linux x64

Trace: 
  Error: https://registry.yarnpkg.com/v1.22.19: Not found
      at params.callback [as _callback] (/usr/lib/node_modules/yarn/lib/cli.js:66145:18)
      at self.callback (/usr/lib/node_modules/yarn/lib/cli.js:140890:22)
      at Request.emit (node:events:513:28)
      at Request.<anonymous> (/usr/lib/node_modules/yarn/lib/cli.js:141862:10)
      at Request.emit (node:events:513:28)
      at IncomingMessage.<anonymous> (/usr/lib/node_modules/yarn/lib/cli.js:141784:12)
      at Object.onceWrapper (node:events:627:28)
      at IncomingMessage.emit (node:events:525:35)
      at endReadableNT (node:internal/streams/readable:1359:12)
      at process.processTicksAndRejections (node:internal/process/task_queues:82:21)

npm manifest: 
  {
    "dependencies": {
      "axios": "^1.2.6",
      "build": "^0.1.4",
      "jwt-decode": "^3.1.2",
      "moment": "^2.29.4",
      "prop-types": "^15.8.1",
      "react-avatar-editor": "^13.0.0",
      "react-copy-to-clipboard": "^5.1.0",
      "react-redux": "^8.0.5",
      "react-router-dom": "^6.8.0",
      "redux": "^4.2.1",
      "redux-thunk": "^2.4.2"
    }
  }

yarn manifest: 
  No manifest

Lockfile: 
  # THIS IS AN AUTOGENERATED FILE. DO NOT EDIT THIS FILE DIRECTLY.
  # yarn lockfile v1
  
  
  "@babel/compat-data@^7.17.7", "@babel/compat-data@^7.20.5":
    version "7.20.10"
    resolved "https://registry.npmjs.org/@babel/compat-data/-/compat-data-7.20.10.tgz"
    integrity sha512-sEnuDPpOJR/fcafHMjpcpGN5M2jbUGUHwmuWKM/YdPzeEDJg8bgmbcWQFUfE32MQjti1koACvoPVsDe8Uq+idg==
  
  "@babel/helper-compilation-targets@^7.17.7":
    version "7.20.7"
    resolved "https://registry.npmjs.org/@babel/helper-compilation-targets/-/helper-compilation-targets-7.20.7.tgz"
    integrity sha512-4tGORmfQcrc+bvrjb5y3dG9Mx1IOZjsHqQVUz7XCNHO+iTmqxWnVg3KRygjGmpRLJGdQSKuvFinbIb0CnZwHAQ==
    dependencies:
      "@babel/compat-data" "^7.20.5"
      "@babel/helper-validator-option" "^7.18.6"
      browserslist "^4.21.3"
      lru-cache "^5.1.1"
      semver "^6.3.0"
  
  "@babel/helper-define-polyfill-provider@^0.3.3":
    version "0.3.3"
    resolved "https://registry.npmjs.org/@babel/helper-define-polyfill-provider/-/helper-define-polyfill-provider-0.3.3.tgz"
    integrity sha512-z5aQKU4IzbqCC1XH0nAqfsFLMVSo22SBKUc0BxGrLkolTdPTructy0ToNnlO2zA4j9Q/7pjMZf0DSY+DSTYzww==
    dependencies:
      "@babel/helper-compilation-targets" "^7.17.7"
      "@babel/helper-plugin-utils" "^7.16.7"
      debug "^4.1.1"
      lodash.debounce "^4.0.8"
      resolve "^1.14.2"
      semver "^6.1.2"
  
  "@babel/helper-module-imports@^7.18.6":
    version "7.18.6"
    resolved "https://registry.npmjs.org/@babel/helper-module-imports/-/helper-module-imports-7.18.6.tgz"
    integrity sha512-0NFvs3VkuSYbFi1x2Vd6tKrywq+z/cLeYC/RJNFrIX/30Bf5aiGYbtvGXolEktzJH8o5E5KJ3tT+nkxuuZFVlA==
    dependencies:
      "@babel/types" "^7.18.6"
  
  "@babel/helper-plugin-utils@^7.16.7", "@babel/helper-plugin-utils@^7.19.0":
    version "7.20.2"
    resolved "https://registry.npmjs.org/@babel/helper-plugin-utils/-/helper-plugin-utils-7.20.2.tgz"
    integrity sha512-8RvlJG2mj4huQ4pZ+rU9lqKi9ZKiRmuvGuM2HlWmkmgOhbs6zEAw6IEiJ5cQqGbDzGZOhwuOQNtZMi/ENLjZoQ==
  
  "@babel/helper-string-parser@^7.19.4":
    version "7.19.4"
    resolved "https://registry.npmjs.org/@babel/helper-string-parser/-/helper-string-parser-7.19.4.tgz"
    integrity sha512-nHtDoQcuqFmwYNYPz3Rah5ph2p8PFeFCsZk9A/48dPc/rGocJ5J3hAAZ7pb76VWX3fZKu+uEr/FhH5jLx7umrw==
  
  "@babel/helper-validator-identifier@^7.19.1":
    version "7.19.1"
    resolved "https://registry.npmjs.org/@babel/helper-validator-identifier/-/helper-validator-identifier-7.19.1.tgz"
    integrity sha512-awrNfaMtnHUr653GgGEs++LlAvW6w+DcPrOliSMXWCKo597CwL5Acf/wWdNkf/tfEQE3mjkeD1YOVZOUV/od1w==
  
  "@babel/helper-validator-option@^7.18.6":
    version "7.18.6"
    resolved "https://registry.npmjs.org/@babel/helper-validator-option/-/helper-validator-option-7.18.6.tgz"
    integrity sha512-XO7gESt5ouv/LRJdrVjkShckw6STTaB7l9BrpBaAHDeF5YZT+01PCwmR0SJHnkW6i8OwW/EVWRShfi4j2x+KQw==
  
  "@babel/plugin-transform-runtime@^7.12.1":
    version "7.19.6"
    resolved "https://registry.npmjs.org/@babel/plugin-transform-runtime/-/plugin-transform-runtime-7.19.6.tgz"
    integrity sha512-PRH37lz4JU156lYFW1p8OxE5i7d6Sl/zV58ooyr+q1J1lnQPyg5tIiXlIwNVhJaY4W3TmOtdc8jqdXQcB1v5Yw==
    dependencies:
      "@babel/helper-module-imports" "^7.18.6"
      "@babel/helper-plugin-utils" "^7.19.0"
      babel-plugin-polyfill-corejs2 "^0.3.3"
      babel-plugin-polyfill-corejs3 "^0.6.0"
      babel-plugin-polyfill-regenerator "^0.4.1"
      semver "^6.3.0"
  
  "@babel/runtime@^7.12.1", "@babel/runtime@^7.12.5", "@babel/runtime@^7.9.2":
    version "7.20.7"
    resolved "https://registry.npmjs.org/@babel/runtime/-/runtime-7.20.7.tgz"
    integrity sha512-UF0tvkUtxwAgZ5W/KrkHf0Rn0fdnLDU9ScxBrEVNUprE/MzirjK4MJUX1/BVDv00Sv8cljtukVK1aky++X1SjQ==
    dependencies:
      regenerator-runtime "^0.13.11"
  
  "@babel/types@^7.18.6":
    version "7.20.7"
    resolved "https://registry.npmjs.org/@babel/types/-/types-7.20.7.tgz"
    integrity sha512-69OnhBxSSgK0OzTJai4kyPDiKTIe3j+ctaHdIGVbRahTLAT7L3R9oeXHC2aVSuGYt3cVnoAMDmOCgJ2yaiLMvg==
    dependencies:
      "@babel/helper-string-parser" "^7.19.4"
      "@babel/helper-validator-identifier" "^7.19.1"
      to-fast-properties "^2.0.0"
  
  "@colors/colors@1.5.0":
    version "1.5.0"
    resolved "https://registry.npmjs.org/@colors/colors/-/colors-1.5.0.tgz"
    integrity sha512-ooWCrlZP11i8GImSjTHYHLkvFDP48nS4+204nGb1RiX/WXYHmJA2III9/e2DWVabCESdW7hBAEzHRqUn9OUVvQ==
  
  "@dabh/diagnostics@^2.0.2":
    version "2.0.3"
    resolved "https://registry.npmjs.org/@dabh/diagnostics/-/diagnostics-2.0.3.tgz"
    integrity sha512-hrlQOIi7hAfzsMqlGSFyVucrx38O+j6wiGOf//H2ecvIEqYN4ADBSS2iLMh5UFyDunCNniUIPk/q3riFv45xRA==
    dependencies:
      colorspace "1.1.x"
      enabled "2.0.x"
      kuler "^2.0.0"
  
  "@remix-run/router@1.3.1":
    version "1.3.1"
    resolved "https://registry.npmjs.org/@remix-run/router/-/router-1.3.1.tgz"
    integrity sha512-+eun1Wtf72RNRSqgU7qM2AMX/oHp+dnx7BHk1qhK5ZHzdHTUU4LA1mGG1vT+jMc8sbhG3orvsfOmryjzx2PzQw==
  
  "@types/hoist-non-react-statics@^3.3.1":
    version "3.3.1"
    resolved "https://registry.npmjs.org/@types/hoist-non-react-statics/-/hoist-non-react-statics-3.3.1.tgz"
    integrity sha512-iMIqiko6ooLrTh1joXodJK5X9xeEALT1kM5G3ZLhD3hszxBdIEd5C75U834D9mLcINgD4OyZf5uQXjkuYydWvA==
    dependencies:
      "@types/react" "*"
      hoist-non-react-statics "^3.3.0"
  
  "@types/prop-types@*":
    version "15.7.5"
    resolved "https://registry.npmjs.org/@types/prop-types/-/prop-types-15.7.5.tgz"
    integrity sha512-JCB8C6SnDoQf0cNycqd/35A7MjcnK+ZTqE7judS6o7utxUCg6imJg3QK2qzHKszlTjcj2cn+NwMB2i96ubpj7w==
  
  "@types/react@*":
    version "18.0.27"
    resolved "https://registry.npmjs.org/@types/react/-/react-18.0.27.tgz"
    integrity sha512-3vtRKHgVxu3Jp9t718R9BuzoD4NcQ8YJ5XRzsSKxNDiDonD2MXIT1TmSkenxuCycZJoQT5d2vE8LwWJxBC1gmA==
    dependencies:
      "@types/prop-types" "*"
      "@types/scheduler" "*"
      csstype "^3.0.2"
  
  "@types/scheduler@*":
    version "0.16.2"
    resolved "https://registry.npmjs.org/@types/scheduler/-/scheduler-0.16.2.tgz"
    integrity sha512-hppQEBDmlwhFAXKJX2KnWLYu5yMfi91yazPb2l+lbJiwW+wdo1gNeRA+3RgNSO39WYX2euey41KEwnqesU2Jew==
  
  "@types/use-sync-external-store@^0.0.3":
    version "0.0.3"
    resolved "https://registry.npmjs.org/@types/use-sync-external-store/-/use-sync-external-store-0.0.3.tgz"
    integrity sha512-EwmlvuaxPNej9+T4v5AuBPJa2x2UOJVdjCtDHgcDqitUeOtjnJKJ+apYjVcAoBEMjKW1VVFGZLUb5+qqa09XFA==
  
  async@^3.2.3:
    version "3.2.4"
    resolved "https://registry.npmjs.org/async/-/async-3.2.4.tgz"
    integrity sha512-iAB+JbDEGXhyIUavoDl9WP/Jj106Kz9DEn1DPgYw5ruDn0e3Wgi3sKFm55sASdGBNOQB8F59d9qQ7deqrHA8wQ==
  
  asynckit@^0.4.0:
    version "0.4.0"
    resolved "https://registry.npmjs.org/asynckit/-/asynckit-0.4.0.tgz"
    integrity sha512-Oei9OH4tRh0YqU3GxhX79dM/mwVgvbZJaSNaRk+bshkj0S5cfHcgYakreBjrHwatXKbz+IoIdYLxrKim2MjW0Q==
  
  axios@^1.2.6:
    version "1.2.6"
    resolved "https://registry.npmjs.org/axios/-/axios-1.2.6.tgz"
    integrity sha512-rC/7F08XxZwjMV4iuWv+JpD3E0Ksqg9nac4IIg6RwNuF0JTeWoCo/mBNG54+tNhhI11G3/VDRbdDQTs9hGp4pQ==
    dependencies:
      follow-redirects "^1.15.0"
      form-data "^4.0.0"
      proxy-from-env "^1.1.0"
  
  babel-plugin-polyfill-corejs2@^0.3.3:
    version "0.3.3"
    resolved "https://registry.npmjs.org/babel-plugin-polyfill-corejs2/-/babel-plugin-polyfill-corejs2-0.3.3.tgz"
    integrity sha512-8hOdmFYFSZhqg2C/JgLUQ+t52o5nirNwaWM2B9LWteozwIvM14VSwdsCAUET10qT+kmySAlseadmfeeSWFCy+Q==
    dependencies:
      "@babel/compat-data" "^7.17.7"
      "@babel/helper-define-polyfill-provider" "^0.3.3"
      semver "^6.1.1"
  
  babel-plugin-polyfill-corejs3@^0.6.0:
    version "0.6.0"
    resolved "https://registry.npmjs.org/babel-plugin-polyfill-corejs3/-/babel-plugin-polyfill-corejs3-0.6.0.tgz"
    integrity sha512-+eHqR6OPcBhJOGgsIar7xoAB1GcSwVUA3XjAd7HJNzOXT4wv6/H7KIdA/Nc60cvUlDbKApmqNvD1B1bzOt4nyA==
    dependencies:
      "@babel/helper-define-polyfill-provider" "^0.3.3"
      core-js-compat "^3.25.1"
  
  babel-plugin-polyfill-regenerator@^0.4.1:
    version "0.4.1"
    resolved "https://registry.npmjs.org/babel-plugin-polyfill-regenerator/-/babel-plugin-polyfill-regenerator-0.4.1.tgz"
    integrity sha512-NtQGmyQDXjQqQ+IzRkBVwEOz9lQ4zxAQZgoAYEtU9dJjnl1Oc98qnN7jcp+bE7O7aYzVpavXE3/VKXNzUbh7aw==
    dependencies:
      "@babel/helper-define-polyfill-provider" "^0.3.3"
  
  browserslist@^4.21.3, browserslist@^4.21.4:
    version "4.21.4"
    resolved "https://registry.npmjs.org/browserslist/-/browserslist-4.21.4.tgz"
    integrity sha512-CBHJJdDmgjl3daYjN5Cp5kbTf1mUhZoS+beLklHIvkOWscs83YAhLlF3Wsh/lciQYAcbBJgTOD44VtG31ZM4Hw==
    dependencies:
      caniuse-lite "^1.0.30001400"
      electron-to-chromium "^1.4.251"
      node-releases "^2.0.6"
      update-browserslist-db "^1.0.9"
  
  build@^0.1.4:
    version "0.1.4"
    resolved "https://registry.yarnpkg.com/build/-/build-0.1.4.tgz#707fe026ffceddcacbfdcdf356eafda64f151046"
    integrity sha512-KwbDJ/zrsU8KZRRMfoURG14cKIAStUlS8D5jBDvtrZbwO5FEkYqc3oB8HIhRiyD64A48w1lc+sOmQ+mmBw5U/Q==
    dependencies:
      cssmin "0.3.x"
      jsmin "1.x"
      jxLoader "*"
      moo-server "*"
      promised-io "*"
      timespan "2.x"
      uglify-js "1.x"
      walker "1.x"
      winston "*"
      wrench "1.3.x"
  
  caniuse-lite@^1.0.30001400:
    version "1.0.30001442"
    resolved "https://registry.npmjs.org/caniuse-lite/-/caniuse-lite-1.0.30001442.tgz"
    integrity sha512-239m03Pqy0hwxYPYR5JwOIxRJfLTWtle9FV8zosfV5pHg+/51uD4nxcUlM8+mWWGfwKtt8lJNHnD3cWw9VZ6ow==
  
  color-convert@^1.9.3:
    version "1.9.3"
    resolved "https://registry.npmjs.org/color-convert/-/color-convert-1.9.3.tgz"
    integrity sha512-QfAUtd+vFdAtFQcC8CCyYt1fYWxSqAiK2cSD6zDB8N3cpsEBAvRxp9zOGg6G/SHHJYAT88/az/IuDGALsNVbGg==
    dependencies:
      color-name "1.1.3"
  
  color-name@1.1.3, color-name@^1.0.0:
    version "1.1.3"
    resolved "https://registry.npmjs.org/color-name/-/color-name-1.1.3.tgz"
    integrity sha512-72fSenhMw2HZMTVHeCA9KCmpEIbzWiQsjN+BHcBbS9vr1mtt+vJjPdksIBNUmKAW8TFUDPJK5SUU3QhE9NEXDw==
  
  color-string@^1.6.0:
    version "1.9.1"
    resolved "https://registry.npmjs.org/color-string/-/color-string-1.9.1.tgz"
    integrity sha512-shrVawQFojnZv6xM40anx4CkoDP+fZsw/ZerEMsW/pyzsRbElpsL/DBVW7q3ExxwusdNXI3lXpuhEZkzs8p5Eg==
    dependencies:
      color-name "^1.0.0"
      simple-swizzle "^0.2.2"
  
  color@^3.1.3:
    version "3.2.1"
    resolved "https://registry.npmjs.org/color/-/color-3.2.1.tgz"
    integrity sha512-aBl7dZI9ENN6fUGC7mWpMTPNHmWUSNan9tuWN6ahh5ZLNk9baLJOnSMlrQkHcrfFgz2/RigjUVAjdx36VcemKA==
    dependencies:
      color-convert "^1.9.3"
      color-string "^1.6.0"
  
  colorspace@1.1.x:
    version "1.1.4"
    resolved "https://registry.npmjs.org/colorspace/-/colorspace-1.1.4.tgz"
    integrity sha512-BgvKJiuVu1igBUF2kEjRCZXol6wiiGbY5ipL/oVPwm0BL9sIpMIzM8IK7vwuxIIzOXMV3Ey5w+vxhm0rR/TN8w==
    dependencies:
      color "^3.1.3"
      text-hex "1.0.x"
  
  combined-stream@^1.0.8:
    version "1.0.8"
    resolved "https://registry.npmjs.org/combined-stream/-/combined-stream-1.0.8.tgz"
    integrity sha512-FQN4MRfuJeHf7cBbBMJFXhKSDq+2kAArBlmRBvcvFE5BB1HZKXtSFASDhdlz9zOYwxh8lDdnvmMOe/+5cdoEdg==
    dependencies:
      delayed-stream "~1.0.0"
  
  copy-to-clipboard@^3.3.1:
    version "3.3.3"
    resolved "https://registry.npmjs.org/copy-to-clipboard/-/copy-to-clipboard-3.3.3.tgz"
    integrity sha512-2KV8NhB5JqC3ky0r9PMCAZKbUHSwtEo4CwCs0KXgruG43gX5PMqDEBbVU4OUzw2MuAWUfsuFmWvEKG5QRfSnJA==
    dependencies:
      toggle-selection "^1.0.6"
  
  core-js-compat@^3.25.1:
    version "3.27.1"
    resolved "https://registry.npmjs.org/core-js-compat/-/core-js-compat-3.27.1.tgz"
    integrity sha512-Dg91JFeCDA17FKnneN7oCMz4BkQ4TcffkgHP4OWwp9yx3pi7ubqMDXXSacfNak1PQqjc95skyt+YBLHQJnkJwA==
    dependencies:
      browserslist "^4.21.4"
  
  cssmin@0.3.x:
    version "0.3.2"
    resolved "https://registry.npmjs.org/cssmin/-/cssmin-0.3.2.tgz"
    integrity sha512-bynxGIAJ8ybrnFobjsQotIjA8HFDDgPwbeUWNXXXfR+B4f9kkxdcUyagJoQCSUOfMV+ZZ6bMn8bvbozlCzUGwQ==
  
  csstype@^3.0.2:
    version "3.1.1"
    resolved "https://registry.npmjs.org/csstype/-/csstype-3.1.1.tgz"
    integrity sha512-DJR/VvkAvSZW9bTouZue2sSxDwdTN92uHjqeKVm+0dAqdfNykRzQ95tay8aXMBAAPpUiq4Qcug2L7neoRh2Egw==
  
  debug@^4.1.1:
    version "4.3.4"
    resolved "https://registry.npmjs.org/debug/-/debug-4.3.4.tgz"
    integrity sha512-PRWFHuSU3eDtQJPvnNY7Jcket1j0t5OuOsFzPPzsekD52Zl8qUfFIPEiswXqIvHWGVHOgX+7G/vCNNhehwxfkQ==
    dependencies:
      ms "2.1.2"
  
  delayed-stream@~1.0.0:
    version "1.0.0"
    resolved "https://registry.npmjs.org/delayed-stream/-/delayed-stream-1.0.0.tgz"
    integrity sha512-ZySD7Nf91aLB0RxL4KGrKHBXl7Eds1DAmEdcoVawXnLD7SDhpNgtuII2aAkg7a7QS41jxPSZ17p4VdGnMHk3MQ==
  
  electron-to-chromium@^1.4.251:
    version "1.4.284"
    resolved "https://registry.npmjs.org/electron-to-chromium/-/electron-to-chromium-1.4.284.tgz"
    integrity sha512-M8WEXFuKXMYMVr45fo8mq0wUrrJHheiKZf6BArTKk9ZBYCKJEOU5H8cdWgDT+qCVZf7Na4lVUaZsA+h6uA9+PA==
  
  enabled@2.0.x:
    version "2.0.0"
    resolved "https://registry.npmjs.org/enabled/-/enabled-2.0.0.tgz"
    integrity sha512-AKrN98kuwOzMIdAizXGI86UFBoo26CL21UM763y1h/GMSJ4/OHU9k2YlsmBpyScFo/wbLzWQJBMCW4+IO3/+OQ==
  
  escalade@^3.1.1:
    version "3.1.1"
    resolved "https://registry.npmjs.org/escalade/-/escalade-3.1.1.tgz"
    integrity sha512-k0er2gUkLf8O0zKJiAhmkTnJlTvINGv7ygDNPbeIsX/TJjGJZHuh9B2UxbsaEkmlEo9MfhrSzmhIlhRlI2GXnw==
  
  fecha@^4.2.0:
    version "4.2.3"
    resolved "https://registry.npmjs.org/fecha/-/fecha-4.2.3.tgz"
    integrity sha512-OP2IUU6HeYKJi3i0z4A19kHMQoLVs4Hc+DPqqxI2h/DPZHTm/vjsfC6P0b4jCMy14XizLBqvndQ+UilD7707Jw==
  
  fn.name@1.x.x:
    version "1.1.0"
    resolved "https://registry.npmjs.org/fn.name/-/fn.name-1.1.0.tgz"
    integrity sha512-GRnmB5gPyJpAhTQdSZTSp9uaPSvl09KoYcMQtsB9rQoOmzs9dH6ffeccH+Z+cv6P68Hu5bC6JjRh4Ah/mHSNRw==
  
  follow-redirects@^1.15.0:
    version "1.15.2"
    resolved "https://registry.npmjs.org/follow-redirects/-/follow-redirects-1.15.2.tgz"
    integrity sha512-VQLG33o04KaQ8uYi2tVNbdrWp1QWxNNea+nmIB4EVM28v0hmP17z7aG1+wAkNzVq4KeXTq3221ye5qTJP91JwA==
  
  form-data@^4.0.0:
    version "4.0.0"
    resolved "https://registry.npmjs.org/form-data/-/form-data-4.0.0.tgz"
    integrity sha512-ETEklSGi5t0QMZuiXoA/Q6vcnxcLQP5vdugSpuAyi6SVGi2clPPp+xgEhuMaHC+zGgn31Kd235W35f7Hykkaww==
    dependencies:
      asynckit "^0.4.0"
      combined-stream "^1.0.8"
      mime-types "^2.1.12"
  
  function-bind@^1.1.1:
    version "1.1.1"
    resolved "https://registry.npmjs.org/function-bind/-/function-bind-1.1.1.tgz"
    integrity sha512-yIovAzMX49sF8Yl58fSCWJ5svSLuaibPxXQJFLmBObTuCr0Mf1KiPopGM9NiFjiYBCbfaa2Fh6breQ6ANVTI0A==
  
  has@^1.0.3:
    version "1.0.3"
    resolved "https://registry.npmjs.org/has/-/has-1.0.3.tgz"
    integrity sha512-f2dvO0VU6Oej7RkWJGrehjbzMAjFp5/VKPp5tTpWIV4JHHZK1/BxbFRtf/siA2SWTe09caDmVtYYzWEIbBS4zw==
    dependencies:
      function-bind "^1.1.1"
  
  hoist-non-react-statics@^3.3.0, hoist-non-react-statics@^3.3.2:
    version "3.3.2"
    resolved "https://registry.npmjs.org/hoist-non-react-statics/-/hoist-non-react-statics-3.3.2.tgz"
    integrity sha512-/gGivxi8JPKWNm/W0jSmzcMPpfpPLc3dY/6GxhX2hQ9iGj3aDfklV4ET7NjKpSinLpJ5vafa9iiGIEZg10SfBw==
    dependencies:
      react-is "^16.7.0"
  
  inherits@^2.0.3:
    version "2.0.4"
    resolved "https://registry.npmjs.org/inherits/-/inherits-2.0.4.tgz"
    integrity sha512-k/vGaX4/Yla3WzyMCvTQOXYeIHvqOKtnqBduzTHpzpQZzAskKMhZ2K+EnBiSM9zGSoIFeMpXKxa4dYeZIQqewQ==
  
  is-arrayish@^0.3.1:
    version "0.3.2"
    resolved "https://registry.npmjs.org/is-arrayish/-/is-arrayish-0.3.2.tgz"
    integrity sha512-eVRqCvVlZbuw3GrM63ovNSNAeA1K16kaR/LRY/92w0zxQ5/1YzwblUX652i4Xs9RwAGjW9d9y6X88t8OaAJfWQ==
  
  is-core-module@^2.9.0:
    version "2.11.0"
    resolved "https://registry.npmjs.org/is-core-module/-/is-core-module-2.11.0.tgz"
    integrity sha512-RRjxlvLDkD1YJwDbroBHMb+cukurkDWNyHx7D3oNB5x9rb5ogcksMC5wHCadcXoo67gVr/+3GFySh3134zi6rw==
    dependencies:
      has "^1.0.3"
  
  is-stream@^2.0.0:
    version "2.0.1"
    resolved "https://registry.npmjs.org/is-stream/-/is-stream-2.0.1.tgz"
    integrity sha512-hFoiJiTl63nn+kstHGBtewWSKnQLpyb155KHheA1l39uvtO9nWIop1p3udqPcUd/xbF1VLMO4n7OI6p7RbngDg==
  
  "js-tokens@^3.0.0 || ^4.0.0":
    version "4.0.0"
    resolved "https://registry.npmjs.org/js-tokens/-/js-tokens-4.0.0.tgz"
    integrity sha512-RdJUflcE3cUzKiMqQgsCu06FPu9UdIJO0beYbPhHN4k6apgJtifcoCtT9bcxOpYBtpD2kCM6Sbzg4CausW/PKQ==
  
  js-yaml@0.3.x:
    version "0.3.7"
    resolved "https://registry.npmjs.org/js-yaml/-/js-yaml-0.3.7.tgz"
    integrity sha512-/7PsVDNP2tVe2Z1cF9kTEkjamIwz4aooDpRKmN1+g/9eePCgcxsv4QDvEbxO0EH+gdDD7MLyDoR6BASo3hH51g==
  
  jsmin@1.x:
    version "1.0.1"
    resolved "https://registry.npmjs.org/jsmin/-/jsmin-1.0.1.tgz"
    integrity sha512-OPuL5X/bFKgVdMvEIX3hnpx3jbVpFCrEM8pKPXjFkZUqg521r41ijdyTz7vACOhW6o1neVlcLyd+wkbK5fNHRg==
  
  jwt-decode@^3.1.2:
    version "3.1.2"
    resolved "https://registry.npmjs.org/jwt-decode/-/jwt-decode-3.1.2.tgz"
    integrity sha512-UfpWE/VZn0iP50d8cz9NrZLM9lSWhcJ+0Gt/nm4by88UL+J1SiKN8/5dkjMmbEzwL2CAe+67GsegCbIKtbp75A==
  
  jxLoader@*:
    version "0.1.1"
    resolved "https://registry.npmjs.org/jxLoader/-/jxLoader-0.1.1.tgz"
    integrity sha512-ClEvAj3K68y8uKhub3RgTmcRPo5DfIWvtxqrKQdDPyZ1UVHIIKvVvjrAsJFSVL5wjv0rt5iH9SMCZ0XRKNzeUA==
    dependencies:
      js-yaml "0.3.x"
      moo-server "1.3.x"
      promised-io "*"
      walker "1.x"
  
  kuler@^2.0.0:
    version "2.0.0"
    resolved "https://registry.npmjs.org/kuler/-/kuler-2.0.0.tgz"
    integrity sha512-Xq9nH7KlWZmXAtodXDDRE7vs6DU1gTU8zYDHDiWLSip45Egwq3plLHzPn27NgvzL2r1LMPC1vdqh98sQxtqj4A==
  
  lodash.debounce@^4.0.8:
    version "4.0.8"
    resolved "https://registry.npmjs.org/lodash.debounce/-/lodash.debounce-4.0.8.tgz"
    integrity sha512-FT1yDzDYEoYWhnSGnpE/4Kj1fLZkDFyqRb7fNt6FdYOSxlUWAtp42Eh6Wb0rGIv/m9Bgo7x4GhQbm5Ys4SG5ow==
  
  logform@^2.3.2, logform@^2.4.0:
    version "2.4.2"
    resolved "https://registry.npmjs.org/logform/-/logform-2.4.2.tgz"
    integrity sha512-W4c9himeAwXEdZ05dQNerhFz2XG80P9Oj0loPUMV23VC2it0orMHQhJm4hdnnor3rd1HsGf6a2lPwBM1zeXHGw==
    dependencies:
      "@colors/colors" "1.5.0"
      fecha "^4.2.0"
      ms "^2.1.1"
      safe-stable-stringify "^2.3.1"
      triple-beam "^1.3.0"
  
  loose-envify@^1.4.0:
    version "1.4.0"
    resolved "https://registry.npmjs.org/loose-envify/-/loose-envify-1.4.0.tgz"
    integrity sha512-lyuxPGr/Wfhrlem2CL/UcnUc1zcqKAImBDzukY7Y5F/yQiNdko6+fRLevlw1HgMySw7f611UIY408EtxRSoK3Q==
    dependencies:
      js-tokens "^3.0.0 || ^4.0.0"
  
  lru-cache@^5.1.1:
    version "5.1.1"
    resolved "https://registry.npmjs.org/lru-cache/-/lru-cache-5.1.1.tgz"
    integrity sha512-KpNARQA3Iwv+jTA0utUVVbrh+Jlrr1Fv0e56GGzAFOXN7dk/FviaDW8LHmK52DlcH4WP2n6gI8vN1aesBFgo9w==
    dependencies:
      yallist "^3.0.2"
  
  makeerror@1.0.12:
    version "1.0.12"
    resolved "https://registry.npmjs.org/makeerror/-/makeerror-1.0.12.tgz"
    integrity sha512-JmqCvUhmt43madlpFzG4BQzG2Z3m6tvQDNKdClZnO3VbIudJYmxsT0FNJMeiB2+JTSlTQTSbU8QdesVmwJcmLg==
    dependencies:
      tmpl "1.0.5"
  
  mime-db@1.52.0:
    version "1.52.0"
    resolved "https://registry.npmjs.org/mime-db/-/mime-db-1.52.0.tgz"
    integrity sha512-sPU4uV7dYlvtWJxwwxHD0PuihVNiE7TyAbQ5SWxDCB9mUYvOgroQOwYQQOKPJ8CIbE+1ETVlOoK1UC2nU3gYvg==
  
  mime-types@^2.1.12:
    version "2.1.35"
    resolved "https://registry.npmjs.org/mime-types/-/mime-types-2.1.35.tgz"
    integrity sha512-ZDY+bPm5zTTF+YpCrAU9nK0UgICYPT0QtT1NZWFv4s++TNkcgVaT0g6+4R2uI4MjQjzysHB1zxuWL50hzaeXiw==
    dependencies:
      mime-db "1.52.0"
  
  moment@^2.29.4:
    version "2.29.4"
    resolved "https://registry.npmjs.org/moment/-/moment-2.29.4.tgz"
    integrity sha512-5LC9SOxjSc2HF6vO2CyuTDNivEdoz2IvyJJGj6X8DJ0eFyfszE0QiEd+iXmBvUP3WHxSjFH/vIsA0EN00cgr8w==
  
  moo-server@*, moo-server@1.3.x:
    version "1.3.0"
    resolved "https://registry.npmjs.org/moo-server/-/moo-server-1.3.0.tgz"
    integrity sha512-9A8/eor2DXwpv1+a4pZAAydqLFVrWoKoO1fzdzqLUhYVXAO1Kgd1FR2gFZi7YdHzF0s4W8cDNwCfKJQrvLqxDw==
  
  ms@2.1.2, ms@^2.1.1:
    version "2.1.2"
    resolved "https://registry.npmjs.org/ms/-/ms-2.1.2.tgz"
    integrity sha512-sGkPx+VjMtmA6MX27oA4FBFELFCZZ4S4XqeGOXCv68tT+jb3vk/RyaKWP0PTKyWtmLSM0b+adUTEvbs1PEaH2w==
  
  node-releases@^2.0.6:
    version "2.0.8"
    resolved "https://registry.npmjs.org/node-releases/-/node-releases-2.0.8.tgz"
    integrity sha512-dFSmB8fFHEH/s81Xi+Y/15DQY6VHW81nXRj86EMSL3lmuTmK1e+aT4wrFCkTbm+gSwkw4KpX+rT/pMM2c1mF+A==
  
  object-assign@^4.1.1:
    version "4.1.1"
    resolved "https://registry.npmjs.org/object-assign/-/object-assign-4.1.1.tgz"
    integrity sha512-rJgTQnkUnH1sFw8yT6VSU3zD3sWmu6sZhIseY8VX+GRu3P6F7Fu+JNDoXfklElbLJSnc3FUQHVe4cU5hj+BcUg==
  
  one-time@^1.0.0:
    version "1.0.0"
    resolved "https://registry.npmjs.org/one-time/-/one-time-1.0.0.tgz"
    integrity sha512-5DXOiRKwuSEcQ/l0kGCF6Q3jcADFv5tSmRaJck/OqkVFcOzutB134KRSfF0xDrL39MNnqxbHBbUUcjZIhTgb2g==
    dependencies:
      fn.name "1.x.x"
  
  path-parse@^1.0.7:
    version "1.0.7"
    resolved "https://registry.npmjs.org/path-parse/-/path-parse-1.0.7.tgz"
    integrity sha512-LDJzPVEEEPR+y48z93A0Ed0yXb8pAByGWo/k5YYdYgpY2/2EsOsksJrq7lOHxryrVOn1ejG6oAp8ahvOIQD8sw==
  
  picocolors@^1.0.0:
    version "1.0.0"
    resolved "https://registry.npmjs.org/picocolors/-/picocolors-1.0.0.tgz"
    integrity sha512-1fygroTLlHu66zi26VoTDv8yRgm0Fccecssto+MhsZ0D/DGW2sm8E8AjW7NU5VVTRt5GxbeZ5qBuJr+HyLYkjQ==
  
  promised-io@*:
    version "0.3.6"
    resolved "https://registry.npmjs.org/promised-io/-/promised-io-0.3.6.tgz"
    integrity sha512-bNwZusuNIW4m0SPR8jooSyndD35ggirHlxVl/UhIaZD/F0OBv9ebfc6tNmbpZts3QXHggkjIBH8lvtnzhtcz0A==
  
  prop-types@^15.7.2, prop-types@^15.8.1:
    version "15.8.1"
    resolved "https://registry.npmjs.org/prop-types/-/prop-types-15.8.1.tgz"
    integrity sha512-oj87CgZICdulUohogVAR7AjlC0327U4el4L6eAvOqCeudMDVU0NThNaV+b9Df4dXgSP1gXMTnPdhfe/2qDH5cg==
    dependencies:
      loose-envify "^1.4.0"
      object-assign "^4.1.1"
      react-is "^16.13.1"
  
  proxy-from-env@^1.1.0:
    version "1.1.0"
    resolved "https://registry.npmjs.org/proxy-from-env/-/proxy-from-env-1.1.0.tgz"
    integrity sha512-D+zkORCbA9f1tdWRK0RaCR3GPv50cMxcrz4X8k5LTSUD1Dkw47mKJEZQNunItRTkWwgtaUSo1RVFRIG9ZXiFYg==
  
  react-avatar-editor@^13.0.0:
    version "13.0.0"
    resolved "https://registry.npmjs.org/react-avatar-editor/-/react-avatar-editor-13.0.0.tgz"
    integrity sha512-0xw63MbRRQdDy7YI1IXU9+7tTFxYEFLV8CABvryYOGjZmXRTH2/UA0mafe57ns62uaEFX181kA4XlGlxCaeXKA==
    dependencies:
      "@babel/plugin-transform-runtime" "^7.12.1"
      "@babel/runtime" "^7.12.5"
      prop-types "^15.7.2"
  
  react-copy-to-clipboard@^5.1.0:
    version "5.1.0"
    resolved "https://registry.npmjs.org/react-copy-to-clipboard/-/react-copy-to-clipboard-5.1.0.tgz"
    integrity sha512-k61RsNgAayIJNoy9yDsYzDe/yAZAzEbEgcz3DZMhF686LEyukcE1hzurxe85JandPUG+yTfGVFzuEw3xt8WP/A==
    dependencies:
      copy-to-clipboard "^3.3.1"
      prop-types "^15.8.1"
  
  react-is@^16.13.1, react-is@^16.7.0:
    version "16.13.1"
    resolved "https://registry.npmjs.org/react-is/-/react-is-16.13.1.tgz"
    integrity sha512-24e6ynE2H+OKt4kqsOvNd8kBpV65zoxbA4BVsEOB3ARVWQki/DHzaUoC5KuON/BiccDaCCTZBuOcfZs70kR8bQ==
  
  react-is@^18.0.0:
    version "18.2.0"
    resolved "https://registry.npmjs.org/react-is/-/react-is-18.2.0.tgz"
    integrity sha512-xWGDIW6x921xtzPkhiULtthJHoJvBbF3q26fzloPCK0hsvxtPVelvftw3zjbHWSkR2km9Z+4uxbDDK/6Zw9B8w==
  
  react-redux@^8.0.5:
    version "8.0.5"
    resolved "https://registry.npmjs.org/react-redux/-/react-redux-8.0.5.tgz"
    integrity sha512-Q2f6fCKxPFpkXt1qNRZdEDLlScsDWyrgSj0mliK59qU6W5gvBiKkdMEG2lJzhd1rCctf0hb6EtePPLZ2e0m1uw==
    dependencies:
      "@babel/runtime" "^7.12.1"
      "@types/hoist-non-react-statics" "^3.3.1"
      "@types/use-sync-external-store" "^0.0.3"
      hoist-non-react-statics "^3.3.2"
      react-is "^18.0.0"
      use-sync-external-store "^1.0.0"
  
  react-router-dom@^6.8.0:
    version "6.8.0"
    resolved "https://registry.npmjs.org/react-router-dom/-/react-router-dom-6.8.0.tgz"
    integrity sha512-hQouduSTywGJndE86CXJ2h7YEy4HYC6C/uh19etM+79FfQ6cFFFHnHyDlzO4Pq0eBUI96E4qVE5yUjA00yJZGQ==
    dependencies:
      "@remix-run/router" "1.3.1"
      react-router "6.8.0"
  
  react-router@6.8.0:
    version "6.8.0"
    resolved "https://registry.npmjs.org/react-router/-/react-router-6.8.0.tgz"
    integrity sha512-760bk7y3QwabduExtudhWbd88IBbuD1YfwzpuDUAlJUJ7laIIcqhMvdhSVh1Fur1PE8cGl84L0dxhR3/gvHF7A==
    dependencies:
      "@remix-run/router" "1.3.1"
  
  readable-stream@^3.4.0, readable-stream@^3.6.0:
    version "3.6.0"
    resolved "https://registry.npmjs.org/readable-stream/-/readable-stream-3.6.0.tgz"
    integrity sha512-BViHy7LKeTz4oNnkcLJ+lVSL6vpiFeX6/d3oSH8zCW7UxP2onchk+vTGB143xuFjHS3deTgkKoXXymXqymiIdA==
    dependencies:
      inherits "^2.0.3"
      string_decoder "^1.1.1"
      util-deprecate "^1.0.1"
  
  redux-thunk@^2.4.2:
    version "2.4.2"
    resolved "https://registry.npmjs.org/redux-thunk/-/redux-thunk-2.4.2.tgz"
    integrity sha512-+P3TjtnP0k/FEjcBL5FZpoovtvrTNT/UXd4/sluaSyrURlSlhLSzEdfsTBW7WsKB6yPvgd7q/iZPICFjW4o57Q==
  
  redux@^4.2.1:
    version "4.2.1"
    resolved "https://registry.npmjs.org/redux/-/redux-4.2.1.tgz"
    integrity sha512-LAUYz4lc+Do8/g7aeRa8JkyDErK6ekstQaqWQrNRW//MY1TvCEpMtpTWvlQ+FPbWCx+Xixu/6SHt5N0HR+SB4w==
    dependencies:
      "@babel/runtime" "^7.9.2"
  
  regenerator-runtime@^0.13.11:
    version "0.13.11"
    resolved "https://registry.npmjs.org/regenerator-runtime/-/regenerator-runtime-0.13.11.tgz"
    integrity sha512-kY1AZVr2Ra+t+piVaJ4gxaFaReZVH40AKNo7UCX6W+dEwBo/2oZJzqfuN1qLq1oL45o56cPaTXELwrTh8Fpggg==
  
  resolve@^1.14.2:
    version "1.22.1"
    resolved "https://registry.npmjs.org/resolve/-/resolve-1.22.1.tgz"
    integrity sha512-nBpuuYuY5jFsli/JIs1oldw6fOQCBioohqWZg/2hiaOybXOft4lonv85uDOKXdf8rhyK159cxU5cDcK/NKk8zw==
    dependencies:
      is-core-module "^2.9.0"
      path-parse "^1.0.7"
      supports-preserve-symlinks-flag "^1.0.0"
  
  safe-buffer@~5.2.0:
    version "5.2.1"
    resolved "https://registry.npmjs.org/safe-buffer/-/safe-buffer-5.2.1.tgz"
    integrity sha512-rp3So07KcdmmKbGvgaNxQSJr7bGVSVk5S9Eq1F+ppbRo70+YeaDxkw5Dd8NPN+GD6bjnYm2VuPuCXmpuYvmCXQ==
  
  safe-stable-stringify@^2.3.1:
    version "2.4.2"
    resolved "https://registry.npmjs.org/safe-stable-stringify/-/safe-stable-stringify-2.4.2.tgz"
    integrity sha512-gMxvPJYhP0O9n2pvcfYfIuYgbledAOJFcqRThtPRmjscaipiwcwPPKLytpVzMkG2HAN87Qmo2d4PtGiri1dSLA==
  
  semver@^6.1.1, semver@^6.1.2, semver@^6.3.0:
    version "6.3.0"
    resolved "https://registry.npmjs.org/semver/-/semver-6.3.0.tgz"
    integrity sha512-b39TBaTSfV6yBrapU89p5fKekE2m/NwnDocOVruQFS1/veMgdzuPcnOM34M6CwxW8jH/lxEa5rBoDeUwu5HHTw==
  
  simple-swizzle@^0.2.2:
    version "0.2.2"
    resolved "https://registry.npmjs.org/simple-swizzle/-/simple-swizzle-0.2.2.tgz"
    integrity sha512-JA//kQgZtbuY83m+xT+tXJkmJncGMTFT+C+g2h2R9uxkYIrE2yy9sgmcLhCnw57/WSD+Eh3J97FPEDFnbXnDUg==
    dependencies:
      is-arrayish "^0.3.1"
  
  stack-trace@0.0.x:
    version "0.0.10"
    resolved "https://registry.npmjs.org/stack-trace/-/stack-trace-0.0.10.tgz"
    integrity sha512-KGzahc7puUKkzyMt+IqAep+TVNbKP+k2Lmwhub39m1AsTSkaDutx56aDCo+HLDzf/D26BIHTJWNiTG1KAJiQCg==
  
  string_decoder@^1.1.1:
    version "1.3.0"
    resolved "https://registry.npmjs.org/string_decoder/-/string_decoder-1.3.0.tgz"
    integrity sha512-hkRX8U1WjJFd8LsDJ2yQ/wWWxaopEsABU1XfkM8A+j0+85JAGppt16cr1Whg6KIbb4okU6Mql6BOj+uup/wKeA==
    dependencies:
      safe-buffer "~5.2.0"
  
  supports-preserve-symlinks-flag@^1.0.0:
    version "1.0.0"
    resolved "https://registry.npmjs.org/supports-preserve-symlinks-flag/-/supports-preserve-symlinks-flag-1.0.0.tgz"
    integrity sha512-ot0WnXS9fgdkgIcePe6RHNk1WA8+muPa6cSjeR3V8K27q9BB1rTE3R1p7Hv0z1ZyAc8s6Vvv8DIyWf681MAt0w==
  
  text-hex@1.0.x:
    version "1.0.0"
    resolved "https://registry.npmjs.org/text-hex/-/text-hex-1.0.0.tgz"
    integrity sha512-uuVGNWzgJ4yhRaNSiubPY7OjISw4sw4E5Uv0wbjp+OzcbmVU/rsT8ujgcXJhn9ypzsgr5vlzpPqP+MBBKcGvbg==
  
  timespan@2.x:
    version "2.3.0"
    resolved "https://registry.npmjs.org/timespan/-/timespan-2.3.0.tgz"
    integrity sha512-0Jq9+58T2wbOyLth0EU+AUb6JMGCLaTWIykJFa7hyAybjVH9gpVMTfUAwo5fWAvtFt2Tjh/Elg8JtgNpnMnM8g==
  
  tmpl@1.0.5:
    version "1.0.5"
    resolved "https://registry.npmjs.org/tmpl/-/tmpl-1.0.5.tgz"
    integrity sha512-3f0uOEAQwIqGuWW2MVzYg8fV/QNnc/IpuJNG837rLuczAaLVHslWHZQj4IGiEl5Hs3kkbhwL9Ab7Hrsmuj+Smw==
  
  to-fast-properties@^2.0.0:
    version "2.0.0"
    resolved "https://registry.npmjs.org/to-fast-properties/-/to-fast-properties-2.0.0.tgz"
    integrity sha512-/OaKK0xYrs3DmxRYqL/yDc+FxFUVYhDlXMhRmv3z915w2HF1tnN1omB354j8VUGO/hbRzyD6Y3sA7v7GS/ceog==
  
  toggle-selection@^1.0.6:
    version "1.0.6"
    resolved "https://registry.npmjs.org/toggle-selection/-/toggle-selection-1.0.6.tgz"
    integrity sha512-BiZS+C1OS8g/q2RRbJmy59xpyghNBqrr6k5L/uKBGRsTfxmu3ffiRnd8mlGPUVayg8pvfi5urfnu8TU7DVOkLQ==
  
  triple-beam@^1.3.0:
    version "1.3.0"
    resolved "https://registry.npmjs.org/triple-beam/-/triple-beam-1.3.0.tgz"
    integrity sha512-XrHUvV5HpdLmIj4uVMxHggLbFSZYIn7HEWsqePZcI50pco+MPqJ50wMGY794X7AOOhxOBAjbkqfAbEe/QMp2Lw==
  
  uglify-js@1.x:
    version "1.3.5"
    resolved "https://registry.npmjs.org/uglify-js/-/uglify-js-1.3.5.tgz"
    integrity sha512-YPX1DjKtom8l9XslmPFQnqWzTBkvI4N0pbkzLuPZZ4QTyig0uQqvZz9NgUdfEV+qccJzi7fVcGWdESvRIjWptQ==
  
  update-browserslist-db@^1.0.9:
    version "1.0.10"
    resolved "https://registry.npmjs.org/update-browserslist-db/-/update-browserslist-db-1.0.10.tgz"
    integrity sha512-OztqDenkfFkbSG+tRxBeAnCVPckDBcvibKd35yDONx6OU8N7sqgwc7rCbkJ/WcYtVRZ4ba68d6byhC21GFh7sQ==
    dependencies:
      escalade "^3.1.1"
      picocolors "^1.0.0"
  
  use-sync-external-store@^1.0.0:
    version "1.2.0"
    resolved "https://registry.npmjs.org/use-sync-external-store/-/use-sync-external-store-1.2.0.tgz"
    integrity sha512-eEgnFxGQ1Ife9bzYs6VLi8/4X6CObHMw9Qr9tPY43iKwsPw8xE8+EFsf/2cFZ5S3esXgpWgtSCtLNS41F+sKPA==
  
  util-deprecate@^1.0.1:
    version "1.0.2"
    resolved "https://registry.npmjs.org/util-deprecate/-/util-deprecate-1.0.2.tgz"
    integrity sha512-EPD5q1uXyFxJpCrLnCc1nHnq3gOa6DZBocAIiI2TaSCA7VCJ1UJDMagCzIkXNsUYfD1daK//LTEQ8xiIbrHtcw==
  
  walker@1.x:
    version "1.0.8"
    resolved "https://registry.npmjs.org/walker/-/walker-1.0.8.tgz"
    integrity sha512-ts/8E8l5b7kY0vlWLewOkDXMmPdLcVV4GmOQLyxuSswIJsweeFZtAsMF7k1Nszz+TYBQrlYRmzOnr398y1JemQ==
    dependencies:
      makeerror "1.0.12"
  
  winston-transport@^4.5.0:
    version "4.5.0"
    resolved "https://registry.npmjs.org/winston-transport/-/winston-transport-4.5.0.tgz"
    integrity sha512-YpZzcUzBedhlTAfJg6vJDlyEai/IFMIVcaEZZyl3UXIl4gmqRpU7AE89AHLkbzLUsv0NVmw7ts+iztqKxxPW1Q==
    dependencies:
      logform "^2.3.2"
      readable-stream "^3.6.0"
      triple-beam "^1.3.0"
  
  winston@*:
    version "3.8.2"
    resolved "https://registry.npmjs.org/winston/-/winston-3.8.2.tgz"
    integrity sha512-MsE1gRx1m5jdTTO9Ld/vND4krP2To+lgDoMEHGGa4HIlAUyXJtfc7CxQcGXVyz2IBpw5hbFkj2b/AtUdQwyRew==
    dependencies:
      "@colors/colors" "1.5.0"
      "@dabh/diagnostics" "^2.0.2"
      async "^3.2.3"
      is-stream "^2.0.0"
      logform "^2.4.0"
      one-time "^1.0.0"
      readable-stream "^3.4.0"
      safe-stable-stringify "^2.3.1"
      stack-trace "0.0.x"
      triple-beam "^1.3.0"
      winston-transport "^4.5.0"
  
  wrench@1.3.x:
    version "1.3.9"
    resolved "https://registry.npmjs.org/wrench/-/wrench-1.3.9.tgz"
    integrity sha512-srTJQmLTP5YtW+F5zDuqjMEZqLLr/eJOZfDI5ibfPfRMeDh3oBUefAscuH0q5wBKE339ptH/S/0D18ZkfOfmKQ==
  
  yallist@^3.0.2:
    version "3.1.1"
    resolved "https://registry.npmjs.org/yallist/-/yallist-3.1.1.tgz"
    integrity sha512-a4UGQaWPH59mOXUYnAG2ewncQS4i4F43Tv3JoAM+s2VDAmS9NsK8GpDMLrCHPksFT7h3K6TOoUNn2pb7RoXx4g==
